<?xml version="1.0" encoding="UTF-8"?>
<!-- Generated by org.testng.reporters.JUnitReportReporter -->
<testsuite hostname="HP-PCTDFHGJ" name="com.visionit.hrmanagement.testCases.Login_TC_002" tests="1" failures="0" timestamp="10 Apr 2021 04:01:30 GMT" time="15.983" errors="0">
  <testcase name="loginTest002" time="15.983" classname="com.visionit.hrmanagement.testCases.Login_TC_002"/>
</testsuite> <!-- com.visionit.hrmanagement.testCases.Login_TC_002 -->
