<?xml version="1.0" encoding="UTF-8"?>
<!-- Generated by org.testng.reporters.JUnitReportReporter -->
<testsuite hostname="HP-PCTDFHGJ" name="com.visionit.hrmanagement.testCases.Homepage_TC_001" tests="1" failures="0" timestamp="11 Apr 2021 05:05:08 GMT" time="16.201" errors="0">
  <testcase name="navigateToAddNewUserTest" time="16.201" classname="com.visionit.hrmanagement.testCases.Homepage_TC_001"/>
</testsuite> <!-- com.visionit.hrmanagement.testCases.Homepage_TC_001 -->
