<?xml version="1.0" encoding="UTF-8"?>
<!-- Generated by org.testng.reporters.JUnitReportReporter -->
<testsuite hostname="HP-PCTDFHGJ" name="com.visionit.hrmanagement.testCases.Login_TC_003" tests="1" failures="0" timestamp="10 Apr 2021 04:35:20 GMT" time="15.039" errors="0">
  <testcase name="loginTest004" time="15.039" classname="com.visionit.hrmanagement.testCases.Login_TC_003"/>
</testsuite> <!-- com.visionit.hrmanagement.testCases.Login_TC_003 -->
